<?xml version="1.0" encoding="UTF-8"?>
<!-- Generated by org.testng.reporters.JUnitReportReporter -->
<testsuite hostname="suharika" failures="0" tests="2" name="day13.test2" time="0.015" errors="0" timestamp="2022-09-23T08:02:55 IST" skipped="0">
  <testcase classname="day13.test2" name="test2_1" time="0.006"/>
  <system-out/>
  <testcase classname="day13.test2" name="test2_1" time="0.009"/>
  <system-out/>
</testsuite> <!-- day13.test2 -->
