<?xml version="1.0" encoding="UTF-8"?>
<!-- Generated by org.testng.reporters.JUnitReportReporter -->
<testsuite hostname="suharika" failures="0" tests="1" name="day11.ssl" time="5.000" errors="0" timestamp="2022-09-21T22:30:12 IST" skipped="0">
  <testcase classname="day11.ssl" name="fluentwaitexample" time="5.000"/>
  <system-out/>
</testsuite> <!-- day11.ssl -->
