<?xml version="1.0" encoding="UTF-8"?>
<!-- Generated by org.testng.reporters.JUnitReportReporter -->
<testsuite hostname="suharika" failures="0" tests="1" name="day7.radiobuttons" time="14.964" errors="0" timestamp="2022-09-18T07:34:08 IST" skipped="0">
  <testcase classname="day7.radiobuttons" name="login" time="14.964"/>
  <system-out/>
</testsuite> <!-- day7.radiobuttons -->
