<?xml version="1.0" encoding="UTF-8"?>
<!-- Generated by org.testng.reporters.JUnitReportReporter -->
<testsuite hostname="suharika" failures="0" tests="1" name="day15.parameter" time="0.015" errors="0" timestamp="2022-09-27T08:25:37 IST" skipped="0">
  <testcase classname="day15.parameter" name="test" time="0.015"/>
  <system-out/>
</testsuite> <!-- day15.parameter -->
