<?xml version="1.0" encoding="UTF-8"?>
<!-- Generated by org.testng.reporters.JUnitReportReporter -->
<testsuite hostname="suharika" failures="0" tests="1" name="day13.reoporter" time="0.037" errors="0" timestamp="2022-09-23T08:26:17 IST" skipped="0">
  <testcase classname="day13.reoporter" name="m2" time="0.037"/>
  <system-out/>
</testsuite> <!-- day13.reoporter -->
