<?xml version="1.0" encoding="UTF-8"?>
<!-- Generated by org.testng.reporters.JUnitReportReporter -->
<testsuite hostname="suharika" failures="0" tests="2" name="day13and14.test3" time="5.012" errors="0" timestamp="2022-09-24T07:40:18 IST" skipped="0">
  <testcase classname="day13and14.test3" name="m1" time="0.003"/>
  <system-out/>
  <testcase classname="day13and14.test3" name="test3_1" time="5.009"/>
  <system-out/>
</testsuite> <!-- day13and14.test3 -->
