<?xml version="1.0" encoding="UTF-8"?>
<!-- Generated by org.testng.reporters.JUnitReportReporter -->
<testsuite hostname="suharika" failures="0" tests="1" name="day8.calender" time="19.269" errors="0" timestamp="2022-09-18T19:54:23 IST" skipped="0">
  <testcase classname="day8.calender" name="login" time="19.269"/>
  <system-out/>
</testsuite> <!-- day8.calender -->
