<?xml version="1.0" encoding="UTF-8"?>
<!-- Generated by org.testng.reporters.JUnitReportReporter -->
<testsuite hostname="suharika" failures="0" tests="1" name="day8and9.screenshot" time="12.140" errors="0" timestamp="2022-09-19T08:29:22 IST" skipped="0">
  <testcase classname="day8and9.screenshot" name="screenshotest" time="12.140"/>
  <system-out/>
</testsuite> <!-- day8and9.screenshot -->
