<?xml version="1.0" encoding="UTF-8"?>
<!-- Generated by org.testng.reporters.JUnitReportReporter -->
<testsuite hostname="suharika" failures="0" tests="2" name="day13.annotations" time="0.023" errors="0" timestamp="2022-09-23T08:02:55 IST" skipped="0">
  <testcase classname="day13.annotations" name="f2" time="0.004"/>
  <system-out/>
  <testcase classname="day13.annotations" name="f" time="0.019"/>
  <system-out/>
</testsuite> <!-- day13.annotations -->
