<?xml version="1.0" encoding="UTF-8"?>
<!-- Generated by org.testng.reporters.JUnitReportReporter -->
<testsuite hostname="suharika" failures="0" tests="1" name="day12.SSLIssue" time="4.443" errors="0" timestamp="2022-09-22T07:30:46 IST" skipped="0">
  <testcase classname="day12.SSLIssue" name="sslissuetest" time="4.443"/>
  <system-out/>
</testsuite> <!-- day12.SSLIssue -->
