<?xml version="1.0" encoding="UTF-8"?>
<!-- Generated by org.testng.reporters.JUnitReportReporter -->
<testsuite hostname="suharika" failures="0" tests="1" name="day10.exceptionsex" time="14.115" errors="0" timestamp="2022-09-20T07:39:04 IST" skipped="0">
  <testcase classname="day10.exceptionsex" name="alertsTest" time="14.115"/>
  <system-out/>
</testsuite> <!-- day10.exceptionsex -->
