<?xml version="1.0" encoding="UTF-8"?>
<!-- Generated by org.testng.reporters.JUnitReportReporter -->
<testsuite hostname="suharika" failures="0" tests="1" name="day10.windowhandle" time="33.763" errors="0" timestamp="2022-09-20T08:11:52 IST" skipped="0">
  <testcase classname="day10.windowhandle" name="testwindows" time="33.763"/>
  <system-out/>
</testsuite> <!-- day10.windowhandle -->
