<?xml version="1.0" encoding="UTF-8"?>
<!-- Generated by org.testng.reporters.JUnitReportReporter -->
<testsuite hostname="suharika" failures="0" tests="1" name="day12.draganddrop" time="9.419" errors="0" timestamp="2022-09-22T08:31:45 IST" skipped="0">
  <testcase classname="day12.draganddrop" name="examplemouseactions" time="9.419"/>
  <system-out/>
</testsuite> <!-- day12.draganddrop -->
