<?xml version="1.0" encoding="UTF-8"?>
<!-- Generated by org.testng.reporters.JUnitReportReporter -->
<testsuite hostname="suharika" failures="0" tests="1" name="day10.iframes" time="8.036" errors="0" timestamp="2022-09-20T08:25:20 IST" skipped="0">
  <testcase classname="day10.iframes" name="iframetest" time="8.036"/>
  <system-out/>
</testsuite> <!-- day10.iframes -->
