<?xml version="1.0" encoding="UTF-8"?>
<!-- Generated by org.testng.reporters.JUnitReportReporter -->
<testsuite hostname="suharika" failures="0" tests="2" name="day13.test3" time="0.034" errors="0" timestamp="2022-09-23T08:09:40 IST" skipped="0">
  <testcase classname="day13.test3" name="m1" time="0.027"/>
  <system-out/>
  <testcase classname="day13.test3" name="test3_1" time="0.007"/>
  <system-out/>
</testsuite> <!-- day13.test3 -->
