<?xml version="1.0" encoding="UTF-8"?>
<!-- Generated by org.testng.reporters.JUnitReportReporter -->
<testsuite hostname="suharika" failures="0" tests="2" name="day13.dependson" time="0.023" errors="0" timestamp="2022-09-23T08:16:23 IST" skipped="0">
  <testcase classname="day13.dependson" name="m1" time="0.021"/>
  <system-out/>
  <testcase classname="day13.dependson" name="test3_1" time="0.002"/>
  <system-out/>
</testsuite> <!-- day13.dependson -->
