<?xml version="1.0" encoding="UTF-8"?>
<!-- Generated by org.testng.reporters.JUnitReportReporter -->
<testsuite hostname="suharika" failures="0" tests="1" name="utility.chromeoptionsex" time="6.158" errors="0" timestamp="2022-09-22T07:38:47 IST" skipped="0">
  <testcase classname="utility.chromeoptionsex" name="testchromeoptions" time="6.158"/>
  <system-out/>
</testsuite> <!-- utility.chromeoptionsex -->
