<?xml version="1.0" encoding="UTF-8"?>
<!-- Generated by org.testng.reporters.JUnitReportReporter -->
<testsuite hostname="suharika" failures="0" tests="1" name="day13and14.exceldatamultiplerecords2" time="1.395" errors="0" timestamp="2022-09-24T08:23:10 IST" skipped="0">
  <testcase classname="day13and14.exceldatamultiplerecords2" name="readexcel" time="1.395"/>
  <system-out/>
</testsuite> <!-- day13and14.exceldatamultiplerecords2 -->
