<?xml version="1.0" encoding="UTF-8"?>
<!-- Generated by org.testng.reporters.JUnitReportReporter -->
<testsuite hostname="suharika" failures="0" tests="1" name="day11.waitsexample" time="11.897" errors="0" timestamp="2022-09-21T07:36:27 IST" skipped="0">
  <testcase classname="day11.waitsexample" name="login" time="11.897"/>
  <system-out/>
</testsuite> <!-- day11.waitsexample -->
