<?xml version="1.0" encoding="UTF-8"?>
<!-- Generated by org.testng.reporters.JUnitReportReporter -->
<testsuite hostname="suharika" failures="0" tests="1" name="day6.login" time="9.306" errors="0" timestamp="2022-09-15T08:03:10 IST" skipped="0">
  <testcase classname="day6.login" name="login" time="9.306"/>
  <system-out/>
</testsuite> <!-- day6.login -->
