<?xml version="1.0" encoding="UTF-8"?>
<!-- Generated by org.testng.reporters.JUnitReportReporter -->
<testsuite hostname="suharika" failures="0" tests="1" name="day13and14.test2" time="5.020" errors="0" timestamp="2022-09-24T07:40:18 IST" skipped="0">
  <testcase classname="day13and14.test2" name="test2_1" time="5.020"/>
  <system-out/>
</testsuite> <!-- day13and14.test2 -->
