<?xml version="1.0" encoding="UTF-8"?>
<!-- Generated by org.testng.reporters.JUnitReportReporter -->
<testsuite hostname="suharika" failures="0" tests="1" name="day17.login_test" time="6.223" errors="0" timestamp="2022-09-29T07:48:37 IST" skipped="0">
  <testcase classname="day17.login_test" name="test" time="6.223"/>
  <system-out/>
</testsuite> <!-- day17.login_test -->
