<?xml version="1.0" encoding="UTF-8"?>
<!-- Generated by org.testng.reporters.JUnitReportReporter -->
<testsuite hostname="suharika" failures="0" tests="1" name="day16.screenshotforextentreports" time="0.536" errors="0" timestamp="2022-09-28T07:58:36 IST" skipped="0">
  <testcase classname="day16.screenshotforextentreports" name="report" time="0.536"/>
  <system-out/>
</testsuite> <!-- day16.screenshotforextentreports -->
