<?xml version="1.0" encoding="UTF-8"?>
<!-- Generated by org.testng.reporters.JUnitReportReporter -->
<testsuite hostname="suharika" failures="0" tests="1" name="day12.keyboardactions" time="10.833" errors="0" timestamp="2022-09-22T08:18:13 IST" skipped="0">
  <testcase classname="day12.keyboardactions" name="mkeybaction" time="10.833"/>
  <system-out/>
</testsuite> <!-- day12.keyboardactions -->
