<?xml version="1.0" encoding="UTF-8"?>
<!-- Generated by org.testng.reporters.JUnitReportReporter -->
<testsuite hostname="suharika" failures="0" tests="1" name="day11.fluentwaitex" time="19.083" errors="0" timestamp="2022-09-21T08:21:55 IST" skipped="0">
  <testcase classname="day11.fluentwaitex" name="fluentwaitexample" time="19.083"/>
  <system-out/>
</testsuite> <!-- day11.fluentwaitex -->
