<?xml version="1.0" encoding="UTF-8"?>
<!-- Generated by org.testng.reporters.JUnitReportReporter -->
<testsuite hostname="suharika" failures="0" tests="1" name="day8and9.alerts" time="13.969" errors="0" timestamp="2022-09-19T08:13:47 IST" skipped="0">
  <testcase classname="day8and9.alerts" name="alertsTest" time="13.969"/>
  <system-out/>
</testsuite> <!-- day8and9.alerts -->
