<?xml version="1.0" encoding="UTF-8"?>
<!-- Generated by org.testng.reporters.JUnitReportReporter -->
<testsuite hostname="suharika" failures="0" tests="1" name="day8and9.selectdropdown" time="28.297" errors="0" timestamp="2022-09-19T07:59:36 IST" skipped="0">
  <testcase classname="day8and9.selectdropdown" name="selectdd" time="28.297"/>
  <system-out/>
</testsuite> <!-- day8and9.selectdropdown -->
