<?xml version="1.0" encoding="UTF-8"?>
<!-- Generated by org.testng.reporters.JUnitReportReporter -->
<testsuite hostname="suharika" failures="0" tests="1" name="day15.readconfig" time="0.016" errors="0" timestamp="2022-09-27T08:14:29 IST" skipped="0">
  <testcase classname="day15.readconfig" name="readconfigdata" time="0.016"/>
  <system-out/>
</testsuite> <!-- day15.readconfig -->
