<?xml version="1.0" encoding="UTF-8"?>
<!-- Generated by org.testng.reporters.JUnitReportReporter -->
<testsuite hostname="suharika" failures="0" tests="1" name="day15.parametermultiple" time="0.020" errors="0" timestamp="2022-09-27T08:26:27 IST" skipped="0">
  <testcase classname="day15.parametermultiple" name="test" time="0.020"/>
  <system-out/>
</testsuite> <!-- day15.parametermultiple -->
