<?xml version="1.0" encoding="UTF-8"?>
<!-- Generated by org.testng.reporters.JUnitReportReporter -->
<testsuite hostname="suharika" failures="0" tests="1" name="day16.takethescreenshot" time="6.799" errors="0" timestamp="2022-09-29T07:25:56 IST" skipped="0">
  <testcase classname="day16.takethescreenshot" name="test" time="6.799"/>
  <system-out/>
</testsuite> <!-- day16.takethescreenshot -->
