<?xml version="1.0" encoding="UTF-8"?>
<!-- Generated by org.testng.reporters.JUnitReportReporter -->
<testsuite hostname="suharika" failures="0" tests="2" name="day13and14.test4" time="5.015" errors="0" timestamp="2022-09-24T07:40:18 IST" skipped="0">
  <testcase classname="day13and14.test4" name="m1" time="5.014"/>
  <system-out/>
  <testcase classname="day13and14.test4" name="test3_1" time="0.001"/>
  <system-out/>
</testsuite> <!-- day13and14.test4 -->
