<?xml version="1.0" encoding="UTF-8"?>
<!-- Generated by org.testng.reporters.JUnitReportReporter -->
<testsuite hostname="suharika" failures="0" tests="1" name="day13and14.exceldatamultiplerecords" time="0.983" errors="0" timestamp="2022-09-24T08:11:50 IST" skipped="0">
  <testcase classname="day13and14.exceldatamultiplerecords" name="readexcel" time="0.983"/>
  <system-out/>
</testsuite> <!-- day13and14.exceldatamultiplerecords -->
