<?xml version="1.0" encoding="UTF-8"?>
<!-- Generated by org.testng.reporters.JUnitReportReporter -->
<testsuite hostname="suharika" failures="0" tests="2" name="day13and14.exceldata" time="1.123" errors="0" timestamp="2022-09-24T08:22:32 IST" skipped="0">
  <testcase classname="day13and14.exceldata" name="readexcel1" time="0.051"/>
  <system-out/>
  <testcase classname="day13and14.exceldata" name="readexcel" time="1.072"/>
  <system-out/>
</testsuite> <!-- day13and14.exceldata -->
